c:\dev\jogoforca\jogoforca\x64\debug\vc143.pdb
c:\dev\jogoforca\jogoforca\x64\debug\vc143.idb
c:\dev\jogoforca\jogoforca\x64\debug\sorteia_palavra.obj
c:\dev\jogoforca\jogoforca\x64\debug\salva_arquivo.obj
c:\dev\jogoforca\jogoforca\x64\debug\nao_enforcou.obj
c:\dev\jogoforca\jogoforca\x64\debug\nao_acertou.obj
c:\dev\jogoforca\jogoforca\x64\debug\le_arquivo.obj
c:\dev\jogoforca\jogoforca\x64\debug\letra_existe.obj
c:\dev\jogoforca\jogoforca\x64\debug\imprime_palavra.obj
c:\dev\jogoforca\jogoforca\x64\debug\imprime_erros.obj
c:\dev\jogoforca\jogoforca\x64\debug\imprime_cabecalho.obj
c:\dev\jogoforca\jogoforca\x64\debug\forca.obj
c:\dev\jogoforca\jogoforca\x64\debug\chuta.obj
c:\dev\jogoforca\jogoforca\x64\debug\adiciona_palavra.obj
c:\dev\jogoforca\jogoforca\x64\debug\main.obj
c:\dev\jogoforca\jogoforca\x64\debug\forca.pdb
c:\dev\jogoforca\jogoforca\x64\debug\forca.tlog\cl.command.1.tlog
c:\dev\jogoforca\jogoforca\x64\debug\forca.tlog\cl.read.1.tlog
c:\dev\jogoforca\jogoforca\x64\debug\forca.tlog\cl.write.1.tlog
c:\dev\jogoforca\jogoforca\x64\debug\forca.tlog\link-cvtres.read.1.tlog
c:\dev\jogoforca\jogoforca\x64\debug\forca.tlog\link-cvtres.write.1.tlog
c:\dev\jogoforca\jogoforca\x64\debug\forca.tlog\link-rc.read.1.tlog
c:\dev\jogoforca\jogoforca\x64\debug\forca.tlog\link-rc.write.1.tlog
c:\dev\jogoforca\jogoforca\x64\debug\forca.tlog\link.command.1.tlog
c:\dev\jogoforca\jogoforca\x64\debug\forca.tlog\link.read.1.tlog
c:\dev\jogoforca\jogoforca\x64\debug\forca.tlog\link.read.2.tlog
c:\dev\jogoforca\jogoforca\x64\debug\forca.tlog\link.write.1.tlog
